0 verbose cli /opt/homebrew/Cellar/node/25.9.0_2/bin/node /opt/homebrew/bin/npm
1 info using npm@11.12.1
2 info using node@v25.9.0
3 silly config load:file:/opt/homebrew/lib/node_modules/npm/npmrc
4 silly config load:file:/Users/surajsahoo/Desktop/locally/mobile/.npmrc
5 silly config load:file:/Users/surajsahoo/Desktop/locally/.home/.npmrc
6 silly config load:file:/opt/homebrew/etc/npmrc
7 verbose title npm install
8 verbose argv "install"
9 verbose logfile logs-max:10 dir:/Users/surajsahoo/Desktop/locally/.home/.npm/_logs/2026-05-12T21_21_12_685Z-
10 verbose logfile /Users/surajsahoo/Desktop/locally/.home/.npm/_logs/2026-05-12T21_21_12_685Z-debug-0.log
11 silly logfile start cleaning logs, removing 1 files
12 silly packumentCache heap:4496293888 maxSize:1124073472 maxEntrySize:562036736
13 silly logfile done cleaning log files
14 silly idealTree buildDeps
15 silly fetch manifest expo-dev-client@~6.0.21
16 silly packumentCache full:https://registry.npmjs.org/expo-dev-client cache-miss
17 http fetch GET 200 https://registry.npmjs.org/expo-dev-client 654ms (cache miss)
18 silly packumentCache full:https://registry.npmjs.org/expo-dev-client set size:undefined disposed:false
19 silly fetch manifest expo@~54.0.33
20 silly packumentCache full:https://registry.npmjs.org/expo cache-miss
21 http fetch GET 200 https://registry.npmjs.org/expo 87ms (cache revalidated)
22 silly packumentCache full:https://registry.npmjs.org/expo set size:3744154 disposed:false
23 silly fetch manifest @expo/dom-webview@*
24 silly packumentCache full:https://registry.npmjs.org/@expo%2fdom-webview cache-miss
25 http fetch GET 200 https://registry.npmjs.org/@expo%2fdom-webview 168ms (cache revalidated)
26 silly packumentCache full:https://registry.npmjs.org/@expo%2fdom-webview set size:401889 disposed:false
27 silly fetch manifest react@19.1.0
28 silly packumentCache full:https://registry.npmjs.org/react cache-miss
29 http fetch GET 200 https://registry.npmjs.org/react 90ms (cache revalidated)
30 silly packumentCache full:https://registry.npmjs.org/react set size:6650647 disposed:false
31 silly fetch manifest react-native@0.81.5
32 silly packumentCache full:https://registry.npmjs.org/react-native cache-miss
33 http fetch GET 200 https://registry.npmjs.org/react-native 98ms (cache revalidated)
34 silly packumentCache full:https://registry.npmjs.org/react-native set size:15269590 disposed:false
35 silly fetch manifest @types/react@~19.1.0
36 silly packumentCache full:https://registry.npmjs.org/@types%2freact cache-miss
37 http fetch GET 200 https://registry.npmjs.org/@types%2freact 77ms (cache revalidated)
38 silly packumentCache full:https://registry.npmjs.org/@types%2freact set size:2588964 disposed:false
39 silly fetch manifest @expo/metro-runtime@~6.1.2
40 silly packumentCache full:https://registry.npmjs.org/@expo%2fmetro-runtime cache-miss
41 http fetch GET 200 https://registry.npmjs.org/@expo%2fmetro-runtime 79ms (cache revalidated)
42 silly packumentCache full:https://registry.npmjs.org/@expo%2fmetro-runtime set size:681572 disposed:false
43 silly fetch manifest react-dom@19.1.0
44 silly packumentCache full:https://registry.npmjs.org/react-dom cache-miss
45 http fetch GET 200 https://registry.npmjs.org/react-dom 83ms (cache revalidated)
46 silly packumentCache full:https://registry.npmjs.org/react-dom set size:8868827 disposed:false
47 silly fetch manifest react-native-webview@*
48 silly packumentCache full:https://registry.npmjs.org/react-native-webview cache-miss
49 http fetch GET 200 https://registry.npmjs.org/react-native-webview 94ms (cache revalidated)
50 silly packumentCache full:https://registry.npmjs.org/react-native-webview set size:1355349 disposed:false
51 silly placeDep ROOT expo-dev-client@6.0.21 OK for: mobile@1.0.0 want: ~6.0.21
52 silly fetch manifest expo-dev-menu@7.0.19
53 silly packumentCache full:https://registry.npmjs.org/expo-dev-menu cache-miss
54 silly fetch manifest expo-manifests@~1.0.11
55 silly packumentCache full:https://registry.npmjs.org/expo-manifests cache-miss
56 silly fetch manifest expo-dev-launcher@6.0.21
57 silly packumentCache full:https://registry.npmjs.org/expo-dev-launcher cache-miss
58 silly fetch manifest expo-updates-interface@~2.0.0
59 silly packumentCache full:https://registry.npmjs.org/expo-updates-interface cache-miss
60 silly fetch manifest expo-dev-menu-interface@2.0.0
61 silly packumentCache full:https://registry.npmjs.org/expo-dev-menu-interface cache-miss
62 http fetch GET 200 https://registry.npmjs.org/expo-dev-menu 366ms (cache miss)
63 silly packumentCache full:https://registry.npmjs.org/expo-dev-menu set size:undefined disposed:false
64 http fetch GET 200 https://registry.npmjs.org/expo-updates-interface 495ms (cache miss)
65 silly packumentCache full:https://registry.npmjs.org/expo-updates-interface set size:undefined disposed:false
66 http fetch GET 200 https://registry.npmjs.org/expo-dev-menu-interface 501ms (cache miss)
67 silly packumentCache full:https://registry.npmjs.org/expo-dev-menu-interface set size:undefined disposed:false
68 http fetch GET 200 https://registry.npmjs.org/expo-manifests 540ms (cache miss)
69 silly packumentCache full:https://registry.npmjs.org/expo-manifests set size:undefined disposed:false
70 http fetch GET 200 https://registry.npmjs.org/expo-dev-launcher 1027ms (cache miss)
71 silly packumentCache full:https://registry.npmjs.org/expo-dev-launcher set size:undefined disposed:false
72 silly fetch manifest expo@*
73 silly packumentCache full:https://registry.npmjs.org/expo cache-miss
74 http cache https://registry.npmjs.org/expo 7ms (cache hit)
75 silly packumentCache full:https://registry.npmjs.org/expo set size:3744154 disposed:false
76 silly fetch manifest react@*
77 silly packumentCache full:https://registry.npmjs.org/react cache-miss
78 http cache https://registry.npmjs.org/react 8ms (cache hit)
79 silly packumentCache full:https://registry.npmjs.org/react set size:6650647 disposed:false
80 silly fetch manifest react-native@*
81 silly packumentCache full:https://registry.npmjs.org/react-native cache-miss
82 http cache https://registry.npmjs.org/react-native 17ms (cache hit)
83 silly packumentCache full:https://registry.npmjs.org/react-native set size:15269590 disposed:false
84 silly fetch manifest @react-native/jest-preset@0.85.3
85 silly packumentCache full:https://registry.npmjs.org/@react-native%2fjest-preset cache-miss
86 http fetch GET 200 https://registry.npmjs.org/@react-native%2fjest-preset 80ms (cache revalidated)
87 silly packumentCache full:https://registry.npmjs.org/@react-native%2fjest-preset set size:165687 disposed:false
88 silly fetch manifest @types/react@^19.1.1
89 silly packumentCache full:https://registry.npmjs.org/@types%2freact cache-miss
90 http cache https://registry.npmjs.org/@types%2freact 4ms (cache hit)
91 silly packumentCache full:https://registry.npmjs.org/@types%2freact set size:2588964 disposed:false
92 silly fetch manifest @expo/metro-runtime@*
93 silly packumentCache full:https://registry.npmjs.org/@expo%2fmetro-runtime cache-hit
94 silly fetch manifest react-dom@*
95 silly packumentCache full:https://registry.npmjs.org/react-dom cache-miss
96 http cache https://registry.npmjs.org/react-dom 13ms (cache hit)
97 silly packumentCache full:https://registry.npmjs.org/react-dom set size:8868827 disposed:false
98 silly placeDep ROOT expo-dev-launcher@6.0.21 OK for: expo-dev-client@6.0.21 want: 6.0.21
99 silly placeDep ROOT expo-dev-menu@7.0.19 OK for: expo-dev-client@6.0.21 want: 7.0.19
100 silly placeDep ROOT expo-dev-menu-interface@2.0.0 OK for: expo-dev-client@6.0.21 want: 2.0.0
101 silly placeDep ROOT expo-manifests@1.0.11 OK for: expo-dev-client@6.0.21 want: ~1.0.11
102 silly placeDep ROOT expo-updates-interface@2.0.0 OK for: expo-dev-client@6.0.21 want: ~2.0.0
103 silly fetch manifest ajv@^8.11.0
104 silly packumentCache full:https://registry.npmjs.org/ajv cache-miss
105 silly fetch manifest expo-json-utils@~0.15.0
106 silly packumentCache full:https://registry.npmjs.org/expo-json-utils cache-miss
107 http fetch GET 200 https://registry.npmjs.org/ajv 130ms (cache miss)
108 silly packumentCache full:https://registry.npmjs.org/ajv set size:undefined disposed:false
109 http fetch GET 200 https://registry.npmjs.org/expo-json-utils 304ms (cache miss)
110 silly packumentCache full:https://registry.npmjs.org/expo-json-utils set size:undefined disposed:false
111 silly placeDep ROOT ajv@8.20.0 OK for: expo-dev-launcher@6.0.21 want: ^8.11.0
112 silly fetch manifest fast-uri@^3.0.1
113 silly packumentCache full:https://registry.npmjs.org/fast-uri cache-miss
114 silly fetch manifest json-schema-traverse@^1.0.0
115 silly packumentCache full:https://registry.npmjs.org/json-schema-traverse cache-miss
116 http fetch GET 200 https://registry.npmjs.org/fast-uri 75ms (cache miss)
117 silly packumentCache full:https://registry.npmjs.org/fast-uri set size:undefined disposed:false
118 http fetch GET 200 https://registry.npmjs.org/json-schema-traverse 76ms (cache miss)
119 silly packumentCache full:https://registry.npmjs.org/json-schema-traverse set size:undefined disposed:false
120 silly placeDep ROOT fast-uri@3.1.2 OK for: ajv@8.20.0 want: ^3.0.1
121 silly placeDep ROOT json-schema-traverse@1.0.0 OK for: ajv@8.20.0 want: ^1.0.0
122 silly placeDep ROOT expo-json-utils@0.15.0 OK for: expo-manifests@1.0.11 want: ~0.15.0
123 silly reify moves {}
124 silly audit bulk request {
124 silly audit   '@0no-co/graphql.web': [ '1.2.0' ],
124 silly audit   '@babel/code-frame': [ '7.10.4', '7.29.0' ],
124 silly audit   '@babel/compat-data': [ '7.29.3' ],
124 silly audit   '@babel/core': [ '7.29.0' ],
124 silly audit   semver: [ '6.3.1', '7.8.0' ],
124 silly audit   '@babel/generator': [ '7.29.1' ],
124 silly audit   '@babel/helper-annotate-as-pure': [ '7.27.3' ],
124 silly audit   '@babel/helper-compilation-targets': [ '7.28.6' ],
124 silly audit   '@babel/helper-create-class-features-plugin': [ '7.29.3' ],
124 silly audit   '@babel/helper-create-regexp-features-plugin': [ '7.28.5' ],
124 silly audit   '@babel/helper-define-polyfill-provider': [ '0.6.8' ],
124 silly audit   '@babel/helper-globals': [ '7.28.0' ],
124 silly audit   '@babel/helper-member-expression-to-functions': [ '7.28.5' ],
124 silly audit   '@babel/helper-module-imports': [ '7.28.6' ],
124 silly audit   '@babel/helper-module-transforms': [ '7.28.6' ],
124 silly audit   '@babel/helper-optimise-call-expression': [ '7.27.1' ],
124 silly audit   '@babel/helper-plugin-utils': [ '7.28.6' ],
124 silly audit   '@babel/helper-remap-async-to-generator': [ '7.27.1' ],
124 silly audit   '@babel/helper-replace-supers': [ '7.28.6' ],
124 silly audit   '@babel/helper-skip-transparent-expression-wrappers': [ '7.27.1' ],
124 silly audit   '@babel/helper-string-parser': [ '7.27.1' ],
124 silly audit   '@babel/helper-validator-identifier': [ '7.28.5' ],
124 silly audit   '@babel/helper-validator-option': [ '7.27.1' ],
124 silly audit   '@babel/helper-wrap-function': [ '7.28.6' ],
124 silly audit   '@babel/helpers': [ '7.29.2' ],
124 silly audit   '@babel/highlight': [ '7.25.9' ],
124 silly audit   '@babel/parser': [ '7.29.3' ],
124 silly audit   '@babel/plugin-proposal-decorators': [ '7.29.0' ],
124 silly audit   '@babel/plugin-proposal-export-default-from': [ '7.27.1' ],
124 silly audit   '@babel/plugin-syntax-async-generators': [ '7.8.4' ],
124 silly audit   '@babel/plugin-syntax-bigint': [ '7.8.3' ],
124 silly audit   '@babel/plugin-syntax-class-properties': [ '7.12.13' ],
124 silly audit   '@babel/plugin-syntax-class-static-block': [ '7.14.5' ],
124 silly audit   '@babel/plugin-syntax-decorators': [ '7.28.6' ],
124 silly audit   '@babel/plugin-syntax-dynamic-import': [ '7.8.3' ],
124 silly audit   '@babel/plugin-syntax-export-default-from': [ '7.28.6' ],
124 silly audit   '@babel/plugin-syntax-flow': [ '7.28.6' ],
124 silly audit   '@babel/plugin-syntax-import-attributes': [ '7.28.6' ],
124 silly audit   '@babel/plugin-syntax-import-meta': [ '7.10.4' ],
124 silly audit   '@babel/plugin-syntax-json-strings': [ '7.8.3' ],
124 silly audit   '@babel/plugin-syntax-jsx': [ '7.28.6' ],
124 silly audit   '@babel/plugin-syntax-logical-assignment-operators': [ '7.10.4' ],
124 silly audit   '@babel/plugin-syntax-nullish-coalescing-operator': [ '7.8.3' ],
124 silly audit   '@babel/plugin-syntax-numeric-separator': [ '7.10.4' ],
124 silly audit   '@babel/plugin-syntax-object-rest-spread': [ '7.8.3' ],
124 silly audit   '@babel/plugin-syntax-optional-catch-binding': [ '7.8.3' ],
124 silly audit   '@babel/plugin-syntax-optional-chaining': [ '7.8.3' ],
124 silly audit   '@babel/plugin-syntax-private-property-in-object': [ '7.14.5' ],
124 silly audit   '@babel/plugin-syntax-top-level-await': [ '7.14.5' ],
124 silly audit   '@babel/plugin-syntax-typescript': [ '7.28.6' ],
124 silly audit   '@babel/plugin-transform-arrow-functions': [ '7.27.1' ],
124 silly audit   '@babel/plugin-transform-async-generator-functions': [ '7.29.0' ],
124 silly audit   '@babel/plugin-transform-async-to-generator': [ '7.28.6' ],
124 silly audit   '@babel/plugin-transform-block-scoping': [ '7.28.6' ],
124 silly audit   '@babel/plugin-transform-class-properties': [ '7.28.6' ],
124 silly audit   '@babel/plugin-transform-class-static-block': [ '7.28.6' ],
124 silly audit   '@babel/plugin-transform-classes': [ '7.28.6' ],
124 silly audit   '@babel/plugin-transform-computed-properties': [ '7.28.6' ],
124 silly audit   '@babel/plugin-transform-destructuring': [ '7.28.5' ],
124 silly audit   '@babel/plugin-transform-export-namespace-from': [ '7.27.1' ],
124 silly audit   '@babel/plugin-transform-flow-strip-types': [ '7.27.1' ],
124 silly audit   '@babel/plugin-transform-for-of': [ '7.27.1' ],
124 silly audit   '@babel/plugin-transform-function-name': [ '7.27.1' ],
124 silly audit   '@babel/plugin-transform-literals': [ '7.27.1' ],
124 silly audit   '@babel/plugin-transform-logical-assignment-operators': [ '7.28.6' ],
124 silly audit   '@babel/plugin-transform-modules-commonjs': [ '7.28.6' ],
124 silly audit   '@babel/plugin-transform-named-capturing-groups-regex': [ '7.29.0' ],
124 silly audit   '@babel/plugin-transform-nullish-coalescing-operator': [ '7.28.6' ],
124 silly audit   '@babel/plugin-transform-numeric-separator': [ '7.28.6' ],
124 silly audit   '@babel/plugin-transform-object-rest-spread': [ '7.28.6' ],
124 silly audit   '@babel/plugin-transform-optional-catch-binding': [ '7.28.6' ],
124 silly audit   '@babel/plugin-transform-optional-chaining': [ '7.28.6' ],
124 silly audit   '@babel/plugin-transform-parameters': [ '7.27.7' ],
124 silly audit   '@babel/plugin-transform-private-methods': [ '7.28.6' ],
124 silly audit   '@babel/plugin-transform-private-property-in-object': [ '7.28.6' ],
124 silly audit   '@babel/plugin-transform-react-display-name': [ '7.28.0' ],
124 silly audit   '@babel/plugin-transform-react-jsx': [ '7.28.6' ],
124 silly audit   '@babel/plugin-transform-react-jsx-development': [ '7.27.1' ],
124 silly audit   '@babel/plugin-transform-react-jsx-self': [ '7.27.1' ],
124 silly audit   '@babel/plugin-transform-react-jsx-source': [ '7.27.1' ],
124 silly audit   '@babel/plugin-transform-react-pure-annotations': [ '7.27.1' ],
124 silly audit   '@babel/plugin-transform-regenerator': [ '7.29.0' ],
124 silly audit   '@babel/plugin-transform-runtime': [ '7.29.0' ],
124 silly audit   '@babel/plugin-transform-shorthand-properties': [ '7.27.1' ],
124 silly audit   '@babel/plugin-transform-spread': [ '7.28.6' ],
124 silly audit   '@babel/plugin-transform-sticky-regex': [ '7.27.1' ],
124 silly audit   '@babel/plugin-transform-typescript': [ '7.28.6' ],
124 silly audit   '@babel/plugin-transform-unicode-regex': [ '7.27.1' ],
124 silly audit   '@babel/preset-react': [ '7.28.5' ],
124 silly audit   '@babel/preset-typescript': [ '7.28.5' ],
124 silly audit   '@babel/runtime': [ '7.29.2' ],
124 silly audit   '@babel/template': [ '7.28.6' ],
124 silly audit   '@babel/traverse': [ '7.29.0' ],
124 silly audit   '@babel/types': [ '7.29.0' ],
124 silly audit   '@egjs/hammerjs': [ '2.0.17' ],
124 silly audit   '@expo/code-signing-certificates': [ '0.0.6' ],
124 silly audit   '@expo/config': [ '12.0.13' ],
124 silly audit   '@expo/config-plugins': [ '54.0.4' ],
124 silly audit   'ansi-styles': [ '4.3.0', '3.2.1', '5.2.0' ],
124 silly audit   chalk: [ '4.1.2', '2.4.2' ],
124 silly audit   'color-convert': [ '2.0.1', '1.9.3' ],
124 silly audit   'color-name': [ '1.1.4', '1.1.3' ],
124 silly audit   'has-flag': [ '4.0.0', '3.0.0' ],
124 silly audit   'supports-color': [ '7.2.0', '8.1.1', '5.5.0' ],
124 silly audit   '@expo/config-types': [ '54.0.10' ],
124 silly audit   '@expo/devcert': [ '1.2.1' ],
124 silly audit   debug: [ '3.2.7', '2.6.9', '4.4.3' ],
124 silly audit   '@expo/devtools': [ '0.1.8' ],
124 silly audit   '@expo/env': [ '2.0.11' ],
124 silly audit   '@expo/fingerprint': [ '0.15.5' ],
124 silly audit   '@expo/image-utils': [ '0.8.14' ],
124 silly audit   '@expo/json-file': [ '10.0.14' ],
124 silly audit   '@expo/metro': [ '54.2.0' ],
124 silly audit   '@expo/metro-runtime': [ '6.1.2' ],
124 silly audit   '@expo/osascript': [ '2.4.3' ],
124 silly audit   '@expo/package-manager': [ '1.10.5' ],
124 silly audit   '@expo/plist': [ '0.4.8' ],
124 silly audit   '@expo/require-utils': [ '55.0.5' ],
124 silly audit   '@expo/schema-utils': [ '0.1.8' ],
124 silly audit   '@expo/sdk-runtime-versions': [ '1.0.0' ],
124 silly audit   '@expo/spawn-async': [ '1.7.2' ],
124 silly audit   '@expo/sudo-prompt': [ '9.3.2' ],
124 silly audit   '@expo/ws-tunnel': [ '1.0.6' ],
124 silly audit   '@expo/xcpretty': [ '4.4.4' ],
124 silly audit   argparse: [ '2.0.1', '1.0.10' ],
124 silly audit   'js-yaml': [ '4.1.1', '3.14.2' ],
124 silly audit   '@isaacs/fs-minipass': [ '4.0.1' ],
124 silly audit   '@isaacs/ttlcache': [ '1.4.1' ],
124 silly audit   '@istanbuljs/load-nyc-config': [ '1.1.0' ],
124 silly audit   camelcase: [ '5.3.1', '6.3.0' ],
124 silly audit   '@istanbuljs/schema': [ '0.1.6' ],
124 silly audit   '@jest/create-cache-key-function': [ '29.7.0' ],
124 silly audit   '@jest/environment': [ '29.7.0' ],
124 silly audit   '@jest/fake-timers': [ '29.7.0' ],
124 silly audit   '@jest/schemas': [ '29.6.3' ],
124 silly audit   '@jest/transform': [ '29.7.0' ],
124 silly audit   '@jest/types': [ '29.6.3' ],
124 silly audit   '@jridgewell/gen-mapping': [ '0.3.13' ],
124 silly audit   '@jridgewell/remapping': [ '2.3.5' ],
124 silly audit   '@jridgewell/resolve-uri': [ '3.1.2' ],
124 silly audit   '@jridgewell/source-map': [ '0.3.11' ],
124 silly audit   '@jridgewell/sourcemap-codec': [ '1.5.5' ],
124 silly audit   '@jridgewell/trace-mapping': [ '0.3.31' ],
124 silly audit   '@react-native-async-storage/async-storage': [ '2.2.0' ],
124 silly audit   '@react-native/assets-registry': [ '0.81.5' ],
124 silly audit   '@react-native/babel-plugin-codegen': [ '0.81.5' ],
124 silly audit   '@react-native/babel-preset': [ '0.81.5' ],
124 silly audit   '@react-native/codegen': [ '0.81.5' ],
124 silly audit   'balanced-match': [ '1.0.2', '4.0.4' ],
124 silly audit   'brace-expansion': [ '1.1.14', '5.0.6', '2.1.0' ],
124 silly audit   glob: [ '7.2.3', '13.0.6' ],
124 silly audit   'hermes-estree': [ '0.29.1', '0.32.0' ],
124 silly audit   'hermes-parser': [ '0.29.1', '0.32.0' ],
124 silly audit   minimatch: [ '3.1.5', '9.0.9', '10.2.5' ],
124 silly audit   '@react-native/community-cli-plugin': [ '0.81.5' ],
124 silly audit   '@react-native/debugger-frontend': [ '0.81.5' ],
124 silly audit   '@react-native/dev-middleware': [ '0.81.5' ],
124 silly audit   ws: [ '6.2.3', '8.20.1', '7.5.10' ],
124 silly audit   '@react-native/gradle-plugin': [ '0.81.5' ],
124 silly audit   '@react-native/js-polyfills': [ '0.81.5' ],
124 silly audit   '@react-native/normalize-colors': [ '0.81.5', '0.74.89' ],
124 silly audit   '@react-navigation/core': [ '7.17.4' ],
124 silly audit   'escape-string-regexp': [ '4.0.0', '1.0.5', '2.0.0' ],
124 silly audit   'react-is': [ '19.2.6', '16.13.1', '18.3.1' ],
124 silly audit   '@react-navigation/elements': [ '2.9.17' ],
124 silly audit   '@react-navigation/native': [ '7.2.4' ],
124 silly audit   '@react-navigation/native-stack': [ '7.15.0' ],
124 silly audit   '@react-navigation/routers': [ '7.5.5' ],
124 silly audit   '@sinclair/typebox': [ '0.27.10' ],
124 silly audit   '@sinonjs/commons': [ '3.0.1' ],
124 silly audit   '@sinonjs/fake-timers': [ '10.3.0' ],
124 silly audit   '@types/babel__core': [ '7.20.5' ],
124 silly audit   '@types/babel__generator': [ '7.27.0' ],
124 silly audit   '@types/babel__template': [ '7.4.4' ],
124 silly audit   '@types/babel__traverse': [ '7.28.0' ],
124 silly audit   '@types/graceful-fs': [ '4.1.9' ],
124 silly audit   '@types/hammerjs': [ '2.0.46' ],
124 silly audit   '@types/istanbul-lib-coverage': [ '2.0.6' ],
124 silly audit   '@types/istanbul-lib-report': [ '3.0.3' ],
124 silly audit   '@types/istanbul-reports': [ '3.0.4' ],
124 silly audit   '@types/node': [ '25.7.0' ],
124 silly audit   '@types/react': [ '19.1.17' ],
124 silly audit   '@types/stack-utils': [ '2.0.3' ],
124 silly audit   '@types/yargs': [ '17.0.35' ],
124 silly audit   '@types/yargs-parser': [ '21.0.3' ],
124 silly audit   '@ungap/structured-clone': [ '1.3.1' ],
124 silly audit   '@urql/core': [ '5.2.0' ],
124 silly audit   '@urql/exchange-retry': [ '1.3.2' ],
124 silly audit   '@xmldom/xmldom': [ '0.8.13', '0.9.10' ],
124 silly audit   'abort-controller': [ '3.0.0' ],
124 silly audit   accepts: [ '1.3.8' ],
124 silly audit   acorn: [ '8.16.0' ],
124 silly audit   'agent-base': [ '7.1.4' ],
124 silly audit   anser: [ '1.4.10' ],
124 silly audit   'ansi-escapes': [ '4.3.2' ],
124 silly audit   'type-fest': [ '0.21.3', '0.7.1' ],
124 silly audit   'ansi-regex': [ '5.0.1', '4.1.1' ],
124 silly audit   'any-promise': [ '1.3.0' ],
124 silly audit   anymatch: [ '3.1.3' ],
124 silly audit   arg: [ '5.0.2' ],
124 silly audit   asap: [ '2.0.6' ],
124 silly audit   'async-limiter': [ '1.0.1' ],
124 silly audit   asynckit: [ '0.4.0' ],
124 silly audit   axios: [ '1.16.0' ],
124 silly audit   'babel-jest': [ '29.7.0' ],
124 silly audit   'babel-plugin-istanbul': [ '6.1.1' ],
124 silly audit   'babel-plugin-jest-hoist': [ '29.6.3' ],
124 silly audit   'babel-plugin-polyfill-corejs2': [ '0.4.17' ],
124 silly audit   'babel-plugin-polyfill-corejs3': [ '0.13.0' ],
124 silly audit   'babel-plugin-polyfill-regenerator': [ '0.6.8' ],
124 silly audit   'babel-plugin-react-compiler': [ '1.0.0' ],
124 silly audit   'babel-plugin-react-native-web': [ '0.21.2' ],
124 silly audit   'babel-plugin-syntax-hermes-parser': [ '0.29.1' ],
124 silly audit   'babel-plugin-transform-flow-enums': [ '0.0.2' ],
124 silly audit   'babel-preset-current-node-syntax': [ '1.2.0' ],
124 silly audit   'babel-preset-jest': [ '29.6.3' ],
124 silly audit   'base64-js': [ '1.5.1' ],
124 silly audit   'baseline-browser-mapping': [ '2.10.29' ],
124 silly audit   'better-opn': [ '3.0.2' ],
124 silly audit   open: [ '8.4.2', '7.4.2' ],
124 silly audit   'big-integer': [ '1.6.52' ],
124 silly audit   boolbase: [ '1.0.0' ],
124 silly audit   'bplist-creator': [ '0.1.0' ],
124 silly audit   'bplist-parser': [ '0.3.1' ],
124 silly audit   braces: [ '3.0.3' ],
124 silly audit   browserslist: [ '4.28.2' ],
124 silly audit   bser: [ '2.1.1' ],
124 silly audit   buffer: [ '5.7.1' ],
124 silly audit   'buffer-from': [ '1.1.2' ],
124 silly audit   bytes: [ '3.1.2' ],
124 silly audit   'call-bind-apply-helpers': [ '1.0.2' ],
124 silly audit   'caniuse-lite': [ '1.0.30001792' ],
124 silly audit   chownr: [ '3.0.0' ],
124 silly audit   'chrome-launcher': [ '0.15.2' ],
124 silly audit   'chromium-edge-launcher': [ '0.2.0' ],
124 silly audit   'ci-info': [ '2.0.0', '3.9.0' ],
124 silly audit   'cli-cursor': [ '2.1.0' ],
124 silly audit   'cli-spinners': [ '2.9.2' ],
124 silly audit   cliui: [ '8.0.1' ],
124 silly audit   clone: [ '1.0.4' ],
124 silly audit   color: [ '4.2.3' ],
124 silly audit   'color-string': [ '1.9.1' ],
124 silly audit   'combined-stream': [ '1.0.8' ],
124 silly audit   commander: [ '7.2.0', '12.1.0', '4.1.1', '2.20.3' ],
124 silly audit   compressible: [ '2.0.18' ],
124 silly audit   compression: [ '1.8.1' ],
124 silly audit   ms: [ '2.0.0', '2.1.3' ],
124 silly audit   negotiator: [ '0.6.4', '0.6.3' ],
124 silly audit   'concat-map': [ '0.0.1' ],
124 silly audit   connect: [ '3.7.0' ],
124 silly audit   'convert-source-map': [ '2.0.0' ],
124 silly audit   'core-js-compat': [ '3.49.0' ],
124 silly audit   'cross-fetch': [ '3.2.0' ],
124 silly audit   'cross-spawn': [ '7.0.6' ],
124 silly audit   'css-in-js-utils': [ '3.1.0' ],
124 silly audit   'css-select': [ '5.2.2' ],
124 silly audit   'css-tree': [ '1.1.3' ],
124 silly audit   'source-map': [ '0.6.1', '0.5.7' ],
124 silly audit   'css-what': [ '6.2.2' ],
124 silly audit   csstype: [ '3.2.3' ],
124 silly audit   'decode-uri-component': [ '0.2.2' ],
124 silly audit   'deep-extend': [ '0.6.0' ],
124 silly audit   deepmerge: [ '4.3.1' ],
124 silly audit   defaults: [ '1.0.4' ],
124 silly audit   'define-lazy-prop': [ '2.0.0' ],
124 silly audit   'delayed-stream': [ '1.0.0' ],
124 silly audit   depd: [ '2.0.0' ],
124 silly audit   destroy: [ '1.2.0' ],
124 silly audit   'detect-libc': [ '2.1.2' ],
124 silly audit   'dom-serializer': [ '2.0.0' ],
124 silly audit   domelementtype: [ '2.3.0' ],
124 silly audit   domhandler: [ '5.0.3' ],
124 silly audit   domutils: [ '3.2.2' ],
124 silly audit   dotenv: [ '16.4.7' ],
124 silly audit   'dotenv-expand': [ '11.0.7' ],
124 silly audit   'dunder-proto': [ '1.0.1' ],
124 silly audit   'ee-first': [ '1.1.1' ],
124 silly audit   'electron-to-chromium': [ '1.5.353' ],
124 silly audit   'emoji-regex': [ '8.0.0' ],
124 silly audit   encodeurl: [ '1.0.2', '2.0.0' ],
124 silly audit   entities: [ '4.5.0' ],
124 silly audit   'env-editor': [ '0.4.2' ],
124 silly audit   'error-stack-parser': [ '2.1.4' ],
124 silly audit   'es-define-property': [ '1.0.1' ],
124 silly audit   'es-errors': [ '1.3.0' ],
124 silly audit   'es-object-atoms': [ '1.1.1' ],
124 silly audit   'es-set-tostringtag': [ '2.1.0' ],
124 silly audit   escalade: [ '3.2.0' ],
124 silly audit   'escape-html': [ '1.0.3' ],
124 silly audit   esprima: [ '4.0.1' ],
124 silly audit   etag: [ '1.8.1' ],
124 silly audit   'event-target-shim': [ '5.0.1' ],
124 silly audit   expo: [ '54.0.34' ],
124 silly audit   'expo-constants': [ '18.0.13' ],
124 silly audit   'expo-linking': [ '8.0.12' ],
124 silly audit   'expo-localization': [ '17.0.8' ],
124 silly audit   'expo-location': [ '19.0.8' ],
124 silly audit   'expo-modules-autolinking': [ '3.0.25' ],
124 silly audit   'expo-modules-core': [ '3.0.30' ],
124 silly audit   'expo-server': [ '1.0.6' ],
124 silly audit   'expo-status-bar': [ '3.0.9' ],
124 silly audit   '@expo/cli': [ '54.0.24' ],
124 silly audit   '@expo/prebuild-config': [ '54.0.8' ],
124 silly audit   '@expo/metro-config': [ '54.0.15' ],
124 silly audit   '@expo/vector-icons': [ '15.1.1' ],
124 silly audit   'babel-preset-expo': [ '54.0.10' ],
124 silly audit   'expo-asset': [ '12.0.13' ],
124 silly audit   'expo-file-system': [ '19.0.22' ],
124 silly audit   'expo-font': [ '14.0.11' ],
124 silly audit   'expo-keep-awake': [ '15.0.8' ],
124 silly audit   picomatch: [ '4.0.4', '2.3.2' ],
124 silly audit   'exponential-backoff': [ '3.1.3' ],
124 silly audit   'fast-deep-equal': [ '3.1.3' ],
124 silly audit   'fast-json-stable-stringify': [ '2.1.0' ],
124 silly audit   'fb-watchman': [ '2.0.2' ],
124 silly audit   fbjs: [ '3.0.5' ],
124 silly audit   'fbjs-css-vars': [ '1.0.2' ],
124 silly audit   promise: [ '7.3.1', '8.3.0' ],
124 silly audit   'fill-range': [ '7.1.1' ],
124 silly audit   'filter-obj': [ '1.1.0' ],
124 silly audit   finalhandler: [ '1.1.2' ],
124 silly audit   'find-up': [ '4.1.0' ],
124 silly audit   'flow-enums-runtime': [ '0.0.6' ],
124 silly audit   'follow-redirects': [ '1.16.0' ],
124 silly audit   fontfaceobserver: [ '2.3.0' ],
124 silly audit   'form-data': [ '4.0.5' ],
124 silly audit   'freeport-async': [ '2.0.0' ],
124 silly audit   fresh: [ '0.5.2' ],
124 silly audit   'fs.realpath': [ '1.0.0' ],
124 silly audit   fsevents: [ '2.3.3' ],
124 silly audit   'function-bind': [ '1.1.2' ],
124 silly audit   gensync: [ '1.0.0-beta.2' ],
124 silly audit   'get-caller-file': [ '2.0.5' ],
124 silly audit   'get-intrinsic': [ '1.3.0' ],
124 silly audit   'get-package-type': [ '0.1.0' ],
124 silly audit   'get-proto': [ '1.0.1' ],
124 silly audit   getenv: [ '2.0.0' ],
124 silly audit   gopd: [ '1.2.0' ],
124 silly audit   'graceful-fs': [ '4.2.11' ],
124 silly audit   'has-symbols': [ '1.1.0' ],
124 silly audit   'has-tostringtag': [ '1.0.2' ],
124 silly audit   hasown: [ '2.0.3' ],
124 silly audit   'hoist-non-react-statics': [ '3.3.2' ],
124 silly audit   'hosted-git-info': [ '7.0.2' ],
124 silly audit   'lru-cache': [ '10.4.3', '5.1.1', '11.3.6' ],
124 silly audit   'html-parse-stringify': [ '3.0.1' ],
124 silly audit   'http-errors': [ '2.0.1' ],
124 silly audit   statuses: [ '2.0.2', '1.5.0' ],
124 silly audit   'https-proxy-agent': [ '7.0.6' ],
124 silly audit   'hyphenate-style-name': [ '1.1.0' ],
124 silly audit   i18next: [ '26.1.0' ],
124 silly audit   ieee754: [ '1.2.1' ],
124 silly audit   ignore: [ '5.3.2' ],
124 silly audit   'image-size': [ '1.2.1' ],
124 silly audit   imurmurhash: [ '0.1.4' ],
124 silly audit   inflight: [ '1.0.6' ],
124 silly audit   inherits: [ '2.0.4' ],
124 silly audit   ini: [ '1.3.8' ],
124 silly audit   'inline-style-prefixer': [ '7.0.1' ],
124 silly audit   invariant: [ '2.2.4' ],
124 silly audit   'is-arrayish': [ '0.3.4' ],
124 silly audit   'is-core-module': [ '2.16.2' ],
124 silly audit   'is-docker': [ '2.2.1' ],
124 silly audit   'is-fullwidth-code-point': [ '3.0.0' ],
124 silly audit   'is-number': [ '7.0.0' ],
124 silly audit   'is-plain-obj': [ '2.1.0' ],
124 silly audit   'is-wsl': [ '2.2.0' ],
124 silly audit   isexe: [ '2.0.0' ],
124 silly audit   'istanbul-lib-coverage': [ '3.2.2' ],
124 silly audit   'istanbul-lib-instrument': [ '5.2.1' ],
124 silly audit   'jest-environment-node': [ '29.7.0' ],
124 silly audit   'jest-get-type': [ '29.6.3' ],
124 silly audit   'jest-haste-map': [ '29.7.0' ],
124 silly audit   'jest-message-util': [ '29.7.0' ],
124 silly audit   'jest-mock': [ '29.7.0' ],
124 silly audit   'jest-regex-util': [ '29.6.3' ],
124 silly audit   'jest-util': [ '29.7.0' ],
124 silly audit   'jest-validate': [ '29.7.0' ],
124 silly audit   'jest-worker': [ '29.7.0' ],
124 silly audit   'jimp-compact': [ '0.16.1' ],
124 silly audit   'js-tokens': [ '4.0.0' ],
124 silly audit   'jsc-safe-url': [ '0.2.4' ],
124 silly audit   jsesc: [ '3.1.0' ],
124 silly audit   json5: [ '2.2.3' ],
124 silly audit   kleur: [ '3.0.3' ],
124 silly audit   'lan-network': [ '0.2.1' ],
124 silly audit   leven: [ '3.1.0' ],
124 silly audit   'lighthouse-logger': [ '1.4.2' ],
124 silly audit   lightningcss: [ '1.32.0' ],
124 silly audit   'lightningcss-android-arm64': [ '1.32.0' ],
124 silly audit   'lightningcss-darwin-arm64': [ '1.32.0' ],
124 silly audit   'lightningcss-darwin-x64': [ '1.32.0' ],
124 silly audit   'lightningcss-freebsd-x64': [ '1.32.0' ],
124 silly audit   'lightningcss-linux-arm-gnueabihf': [ '1.32.0' ],
124 silly audit   'lightningcss-linux-arm64-gnu': [ '1.32.0' ],
124 silly audit   'lightningcss-linux-arm64-musl': [ '1.32.0' ],
124 silly audit   'lightningcss-linux-x64-gnu': [ '1.32.0' ],
124 silly audit   'lightningcss-linux-x64-musl': [ '1.32.0' ],
124 silly audit   'lightningcss-win32-arm64-msvc': [ '1.32.0' ],
124 silly audit   'lightningcss-win32-x64-msvc': [ '1.32.0' ],
124 silly audit   'lines-and-columns': [ '1.2.4' ],
124 silly audit   'locate-path': [ '5.0.0' ],
124 silly audit   'lodash.debounce': [ '4.0.8' ],
124 silly audit   'lodash.throttle': [ '4.1.1' ],
124 silly audit   'log-symbols': [ '2.2.0' ],
124 silly audit   'loose-envify': [ '1.4.0' ],
124 silly audit   'lucide-react-native': [ '1.14.0' ],
124 silly audit   makeerror: [ '1.0.12' ],
124 silly audit   marky: [ '1.3.0' ],
124 silly audit   'math-intrinsics': [ '1.1.0' ],
124 silly audit   'mdn-data': [ '2.0.14' ],
124 silly audit   'memoize-one': [ '5.2.1', '6.0.0' ],
124 silly audit   'merge-options': [ '3.0.4' ],
124 silly audit   'merge-stream': [ '2.0.0' ],
124 silly audit   metro: [ '0.83.3' ],
124 silly audit   'metro-babel-transformer': [ '0.83.3' ],
124 silly audit   'metro-cache': [ '0.83.3' ],
124 silly audit   'metro-cache-key': [ '0.83.3' ],
124 silly audit   'metro-config': [ '0.83.3' ],
124 silly audit   'metro-core': [ '0.83.3' ],
124 silly audit   'metro-file-map': [ '0.83.3' ],
124 silly audit   'metro-minify-terser': [ '0.83.3' ],
124 silly audit   'metro-resolver': [ '0.83.3' ],
124 silly audit   'metro-runtime': [ '0.83.3' ],
124 silly audit   'metro-source-map': [ '0.83.3' ],
124 silly audit   'metro-symbolicate': [ '0.83.3' ],
124 silly audit   'metro-transform-plugins': [ '0.83.3' ],
124 silly audit   'metro-transform-worker': [ '0.83.3' ],
124 silly audit   micromatch: [ '4.0.8' ],
124 silly audit   mime: [ '1.6.0' ],
124 silly audit   'mime-db': [ '1.52.0' ],
124 silly audit   'mime-types': [ '2.1.35' ],
124 silly audit   'mimic-fn': [ '1.2.0' ],
124 silly audit   minimist: [ '1.2.8' ],
124 silly audit   minipass: [ '7.1.3' ],
124 silly audit   minizlib: [ '3.1.0' ],
124 silly audit   mkdirp: [ '1.0.4' ],
124 silly audit   mz: [ '2.7.0' ],
124 silly audit   nanoid: [ '3.3.12' ],
124 silly audit   'nested-error-stacks': [ '2.0.1' ],
124 silly audit   'node-fetch': [ '2.7.0' ],
124 silly audit   'node-forge': [ '1.4.0' ],
124 silly audit   'node-int64': [ '0.4.0' ],
124 silly audit   'node-releases': [ '2.0.44' ],
124 silly audit   'normalize-path': [ '3.0.0' ],
124 silly audit   'npm-package-arg': [ '11.0.3' ],
124 silly audit   'nth-check': [ '2.1.1' ],
124 silly audit   nullthrows: [ '1.1.1' ],
124 silly audit   ob1: [ '0.83.3' ],
124 silly audit   'object-assign': [ '4.1.1' ],
124 silly audit   'on-finished': [ '2.3.0', '2.4.1' ],
124 silly audit   'on-headers': [ '1.1.0' ],
124 silly audit   once: [ '1.4.0' ],
124 silly audit   onetime: [ '2.0.1' ],
124 silly audit   ora: [ '3.4.0' ],
124 silly audit   'strip-ansi': [ '5.2.0', '6.0.1' ],
124 silly audit   'p-limit': [ '3.1.0', '2.3.0' ],
124 silly audit   'p-locate': [ '4.1.0' ],
124 silly audit   'p-try': [ '2.2.0' ],
124 silly audit   'parse-png': [ '2.1.0' ],
124 silly audit   parseurl: [ '1.3.3' ],
124 silly audit   'path-exists': [ '4.0.0' ],
124 silly audit   'path-is-absolute': [ '1.0.1' ],
124 silly audit   'path-key': [ '3.1.1' ],
124 silly audit   'path-parse': [ '1.0.7' ],
124 silly audit   'path-scurry': [ '2.0.2' ],
124 silly audit   picocolors: [ '1.1.1' ],
124 silly audit   pirates: [ '4.0.7' ],
124 silly audit   plist: [ '3.1.1' ],
124 silly audit   pngjs: [ '3.4.0' ],
124 silly audit   postcss: [ '8.4.49' ],
124 silly audit   'postcss-value-parser': [ '4.2.0' ],
124 silly audit   'pretty-bytes': [ '5.6.0' ],
124 silly audit   'pretty-format': [ '29.7.0' ],
124 silly audit   'proc-log': [ '4.2.0' ],
124 silly audit   progress: [ '2.0.3' ],
124 silly audit   prompts: [ '2.4.2' ],
124 silly audit   'proxy-from-env': [ '2.1.0' ],
124 silly audit   punycode: [ '2.3.1' ],
124 silly audit   'qrcode-terminal': [ '0.11.0' ],
124 silly audit   'query-string': [ '7.1.3' ],
124 silly audit   queue: [ '6.0.2' ],
124 silly audit   'range-parser': [ '1.2.1' ],
124 silly audit   rc: [ '1.2.8' ],
124 silly audit   react: [ '19.1.0' ],
124 silly audit   'react-devtools-core': [ '6.1.5' ],
124 silly audit   'react-dom': [ '19.1.0' ],
124 silly audit   'react-freeze': [ '1.0.4' ],
124 silly audit   'react-i18next': [ '17.0.7' ],
124 silly audit   'react-native': [ '0.81.5' ],
124 silly audit   'react-native-gesture-handler': [ '2.28.0' ],
124 silly audit   'react-native-is-edge-to-edge': [ '1.3.1' ],
124 silly audit   'react-native-safe-area-context': [ '5.6.2' ],
124 silly audit   'react-native-screens': [ '4.16.0' ],
124 silly audit   'react-native-svg': [ '15.12.1' ],
124 silly audit   'react-native-web': [ '0.21.2' ],
124 silly audit   '@react-native/virtualized-lists': [ '0.81.5' ],
124 silly audit   'react-refresh': [ '0.14.2' ],
124 silly audit   regenerate: [ '1.4.2' ],
124 silly audit   'regenerate-unicode-properties': [ '10.2.2' ],
124 silly audit   'regenerator-runtime': [ '0.13.11' ],
124 silly audit   'regexpu-core': [ '6.4.0' ],
124 silly audit   regjsgen: [ '0.8.0' ],
124 silly audit   regjsparser: [ '0.13.1' ],
124 silly audit   'require-directory': [ '2.1.1' ],
124 silly audit   'require-from-string': [ '2.0.2' ],
124 silly audit   requireg: [ '0.2.2' ],
124 silly audit   resolve: [ '1.7.1', '1.22.12' ],
124 silly audit   'resolve-from': [ '5.0.0' ],
124 silly audit   'resolve-workspace-root': [ '2.0.1' ],
124 silly audit   'resolve.exports': [ '2.0.3' ],
124 silly audit   'restore-cursor': [ '2.0.0' ],
124 silly audit   rimraf: [ '3.0.2' ],
124 silly audit   'rtl-detect': [ '1.1.2' ],
124 silly audit   'safe-buffer': [ '5.2.1' ],
124 silly audit   sax: [ '1.6.0' ],
124 silly audit   scheduler: [ '0.26.0' ],
124 silly audit   send: [ '0.19.2' ],
124 silly audit   'serialize-error': [ '2.1.0' ],
124 silly audit   'serve-static': [ '1.16.3' ],
124 silly audit   setimmediate: [ '1.0.5' ],
124 silly audit   setprototypeof: [ '1.2.0' ],
124 silly audit   'sf-symbols-typescript': [ '2.2.0' ],
124 silly audit   'shebang-command': [ '2.0.0' ],
124 silly audit   'shebang-regex': [ '3.0.0' ],
124 silly audit   'shell-quote': [ '1.8.3' ],
124 silly audit   'signal-exit': [ '3.0.7' ],
124 silly audit   'simple-plist': [ '1.3.1' ],
124 silly audit   'simple-swizzle': [ '0.2.4' ],
124 silly audit   sisteransi: [ '1.0.5' ],
124 silly audit   slash: [ '3.0.0' ],
124 silly audit   slugify: [ '1.6.9' ],
124 silly audit   'source-map-js': [ '1.2.1' ],
124 silly audit   'source-map-support': [ '0.5.21' ],
124 silly audit   'split-on-first': [ '1.1.0' ],
124 silly audit   'sprintf-js': [ '1.0.3' ],
124 silly audit   'stack-utils': [ '2.0.6' ],
124 silly audit   stackframe: [ '1.3.4' ],
124 silly audit   'stacktrace-parser': [ '0.1.11' ],
124 silly audit   'stream-buffers': [ '2.2.0' ],
124 silly audit   'strict-uri-encode': [ '2.0.0' ],
124 silly audit   'string-width': [ '4.2.3' ],
124 silly audit   'strip-json-comments': [ '2.0.1' ],
124 silly audit   'structured-headers': [ '0.4.1' ],
124 silly audit   styleq: [ '0.1.3' ],
124 silly audit   sucrase: [ '3.35.1' ],
124 silly audit   'supports-hyperlinks': [ '2.3.0' ],
124 silly audit   'supports-preserve-symlinks-flag': [ '1.0.0' ],
124 silly audit   tar: [ '7.5.15' ],
124 silly audit   yallist: [ '5.0.0', '3.1.1' ],
124 silly audit   'terminal-link': [ '2.1.1' ],
124 silly audit   terser: [ '5.47.1' ],
124 silly audit   'test-exclude': [ '6.0.0' ],
124 silly audit   thenify: [ '3.3.1' ],
124 silly audit   'thenify-all': [ '1.6.0' ],
124 silly audit   throat: [ '5.0.0' ],
124 silly audit   tinyglobby: [ '0.2.16' ],
124 silly audit   fdir: [ '6.5.0' ],
124 silly audit   tmpl: [ '1.0.5' ],
124 silly audit   'to-regex-range': [ '5.0.1' ],
124 silly audit   toidentifier: [ '1.0.1' ],
124 silly audit   tr46: [ '0.0.3' ],
124 silly audit   'ts-interface-checker': [ '0.1.13' ],
124 silly audit   'type-detect': [ '4.0.8' ],
124 silly audit   typescript: [ '5.9.3' ],
124 silly audit   'ua-parser-js': [ '1.0.41' ],
124 silly audit   undici: [ '6.25.0' ],
124 silly audit   'undici-types': [ '7.21.0' ],
124 silly audit   'unicode-canonical-property-names-ecmascript': [ '2.0.1' ],
124 silly audit   'unicode-match-property-ecmascript': [ '2.0.0' ],
124 silly audit   'unicode-match-property-value-ecmascript': [ '2.2.1' ],
124 silly audit   'unicode-property-aliases-ecmascript': [ '2.2.0' ],
124 silly audit   unpipe: [ '1.0.0' ],
124 silly audit   'update-browserslist-db': [ '1.2.3' ],
124 silly audit   'use-latest-callback': [ '0.2.6' ],
124 silly audit   'use-sync-external-store': [ '1.6.0' ],
124 silly audit   'utils-merge': [ '1.0.1' ],
124 silly audit   uuid: [ '7.0.3' ],
124 silly audit   'validate-npm-package-name': [ '5.0.1' ],
124 silly audit   vary: [ '1.1.2' ],
124 silly audit   vlq: [ '1.0.1' ],
124 silly audit   'void-elements': [ '3.1.0' ],
124 silly audit   walker: [ '1.0.8' ],
124 silly audit   'warn-once': [ '0.1.1' ],
124 silly audit   wcwidth: [ '1.0.1' ],
124 silly audit   'webidl-conversions': [ '5.0.0', '3.0.1' ],
124 silly audit   'whatwg-fetch': [ '3.6.20' ],
124 silly audit   'whatwg-url': [ '5.0.0' ],
124 silly audit   'whatwg-url-without-unicode': [ '8.0.0-3' ],
124 silly audit   which: [ '2.0.2' ],
124 silly audit   wonka: [ '6.3.6' ],
124 silly audit   'wrap-ansi': [ '7.0.0' ],
124 silly audit   wrappy: [ '1.0.2' ],
124 silly audit   'write-file-atomic': [ '4.0.2' ],
124 silly audit   xcode: [ '3.0.1' ],
124 silly audit   xml2js: [ '0.6.0' ],
124 silly audit   xmlbuilder: [ '11.0.1', '15.1.1' ],
124 silly audit   y18n: [ '5.0.8' ],
124 silly audit   yaml: [ '2.9.0' ],
124 silly audit   yargs: [ '17.7.2' ],
124 silly audit   'yargs-parser': [ '21.1.1' ],
124 silly audit   'yocto-queue': [ '0.1.0' ],
124 silly audit   'expo-dev-client': [ '6.0.21' ],
124 silly audit   'expo-dev-launcher': [ '6.0.21' ],
124 silly audit   'expo-dev-menu': [ '7.0.19' ],
124 silly audit   'expo-dev-menu-interface': [ '2.0.0' ],
124 silly audit   'expo-manifests': [ '1.0.11' ],
124 silly audit   'expo-updates-interface': [ '2.0.0' ],
124 silly audit   ajv: [ '8.20.0' ],
124 silly audit   'fast-uri': [ '3.1.2' ],
124 silly audit   'json-schema-traverse': [ '1.0.0' ],
124 silly audit   'expo-json-utils': [ '0.15.0' ]
124 silly audit }
125 http cache expo-json-utils@https://registry.npmjs.org/expo-json-utils/-/expo-json-utils-0.15.0.tgz 0ms (cache hit)
126 http cache json-schema-traverse@https://registry.npmjs.org/json-schema-traverse/-/json-schema-traverse-1.0.0.tgz 0ms (cache hit)
127 http cache fast-uri@https://registry.npmjs.org/fast-uri/-/fast-uri-3.1.2.tgz 0ms (cache hit)
128 http cache ajv@https://registry.npmjs.org/ajv/-/ajv-8.20.0.tgz 0ms (cache hit)
129 http cache expo-updates-interface@https://registry.npmjs.org/expo-updates-interface/-/expo-updates-interface-2.0.0.tgz 0ms (cache hit)
130 http cache expo-manifests@https://registry.npmjs.org/expo-manifests/-/expo-manifests-1.0.11.tgz 0ms (cache hit)
131 http cache expo-dev-menu-interface@https://registry.npmjs.org/expo-dev-menu-interface/-/expo-dev-menu-interface-2.0.0.tgz 0ms (cache hit)
132 http cache expo-dev-menu@https://registry.npmjs.org/expo-dev-menu/-/expo-dev-menu-7.0.19.tgz 0ms (cache hit)
133 http cache expo-dev-launcher@https://registry.npmjs.org/expo-dev-launcher/-/expo-dev-launcher-6.0.21.tgz 0ms (cache hit)
134 http cache expo-dev-client@https://registry.npmjs.org/expo-dev-client/-/expo-dev-client-6.0.21.tgz 0ms (cache hit)
135 silly tarball no local data for expo-json-utils@https://registry.npmjs.org/expo-json-utils/-/expo-json-utils-0.15.0.tgz. Extracting by manifest.
136 silly tarball no local data for fast-uri@https://registry.npmjs.org/fast-uri/-/fast-uri-3.1.2.tgz. Extracting by manifest.
137 silly tarball no local data for json-schema-traverse@https://registry.npmjs.org/json-schema-traverse/-/json-schema-traverse-1.0.0.tgz. Extracting by manifest.
138 silly tarball no local data for expo-updates-interface@https://registry.npmjs.org/expo-updates-interface/-/expo-updates-interface-2.0.0.tgz. Extracting by manifest.
139 silly tarball no local data for ajv@https://registry.npmjs.org/ajv/-/ajv-8.20.0.tgz. Extracting by manifest.
140 silly tarball no local data for expo-manifests@https://registry.npmjs.org/expo-manifests/-/expo-manifests-1.0.11.tgz. Extracting by manifest.
141 silly tarball no local data for expo-dev-menu-interface@https://registry.npmjs.org/expo-dev-menu-interface/-/expo-dev-menu-interface-2.0.0.tgz. Extracting by manifest.
142 silly tarball no local data for expo-dev-menu@https://registry.npmjs.org/expo-dev-menu/-/expo-dev-menu-7.0.19.tgz. Extracting by manifest.
143 silly tarball no local data for expo-dev-launcher@https://registry.npmjs.org/expo-dev-launcher/-/expo-dev-launcher-6.0.21.tgz. Extracting by manifest.
144 silly tarball no local data for expo-dev-client@https://registry.npmjs.org/expo-dev-client/-/expo-dev-client-6.0.21.tgz. Extracting by manifest.
145 http fetch GET 200 https://registry.npmjs.org/expo-json-utils/-/expo-json-utils-0.15.0.tgz 71ms (cache miss)
146 http fetch GET 200 https://registry.npmjs.org/json-schema-traverse/-/json-schema-traverse-1.0.0.tgz 86ms (cache miss)
147 http fetch GET 200 https://registry.npmjs.org/expo-updates-interface/-/expo-updates-interface-2.0.0.tgz 87ms (cache miss)
148 http fetch GET 200 https://registry.npmjs.org/fast-uri/-/fast-uri-3.1.2.tgz 89ms (cache miss)
149 http fetch GET 200 https://registry.npmjs.org/expo-dev-client/-/expo-dev-client-6.0.21.tgz 198ms (cache miss)
150 http fetch GET 200 https://registry.npmjs.org/expo-dev-menu-interface/-/expo-dev-menu-interface-2.0.0.tgz 252ms (cache miss)
151 http fetch GET 200 https://registry.npmjs.org/expo-manifests/-/expo-manifests-1.0.11.tgz 256ms (cache miss)
152 http fetch POST 200 https://registry.npmjs.org/-/npm/v1/security/advisories/bulk 303ms
153 silly audit report {
153 silly audit report   postcss: [
153 silly audit report     {
153 silly audit report       id: 1117015,
153 silly audit report       url: 'https://github.com/advisories/GHSA-qx2v-qp2m-jg93',
153 silly audit report       title: 'PostCSS has XSS via Unescaped </style> in its CSS Stringify Output',
153 silly audit report       severity: 'moderate',
153 silly audit report       vulnerable_versions: '<8.5.10',
153 silly audit report       cwe: [Array],
153 silly audit report       cvss: [Object]
153 silly audit report     }
153 silly audit report   ]
153 silly audit report }
154 silly packumentCache corgi:https://registry.npmjs.org/postcss cache-miss
155 http fetch GET 200 https://registry.npmjs.org/postcss 60ms (cache revalidated)
156 silly packumentCache corgi:https://registry.npmjs.org/postcss set size:343873 disposed:false
157 silly packumentCache corgi:https://registry.npmjs.org/@expo%2fmetro-config cache-miss
158 http fetch GET 200 https://registry.npmjs.org/@expo%2fmetro-config 70ms (cache revalidated)
159 silly packumentCache corgi:https://registry.npmjs.org/@expo%2fmetro-config set size:559833 disposed:false
160 silly packumentCache corgi:https://registry.npmjs.org/expo cache-miss
161 silly packumentCache corgi:https://registry.npmjs.org/@expo%2fcli cache-miss
162 http fetch GET 200 https://registry.npmjs.org/ajv/-/ajv-8.20.0.tgz 493ms (cache miss)
163 http fetch GET 200 https://registry.npmjs.org/expo-dev-menu/-/expo-dev-menu-7.0.19.tgz 498ms (cache miss)
164 http fetch GET 200 https://registry.npmjs.org/expo 76ms (cache revalidated)
165 silly packumentCache corgi:https://registry.npmjs.org/expo set size:1721644 disposed:false
166 http fetch GET 200 https://registry.npmjs.org/expo-dev-launcher/-/expo-dev-launcher-6.0.21.tgz 517ms (cache miss)
167 http fetch GET 200 https://registry.npmjs.org/@expo%2fcli 632ms (cache revalidated)
168 silly packumentCache corgi:https://registry.npmjs.org/@expo%2fcli set size:1572072 disposed:false
169 silly packumentCache corgi:https://registry.npmjs.org/@expo%2fmetro-runtime cache-miss
170 silly packumentCache corgi:https://registry.npmjs.org/expo-constants cache-miss
171 silly packumentCache corgi:https://registry.npmjs.org/expo-localization cache-miss
172 silly packumentCache corgi:https://registry.npmjs.org/expo-location cache-miss
173 silly packumentCache corgi:https://registry.npmjs.org/@expo%2fprebuild-config cache-miss
174 silly packumentCache corgi:https://registry.npmjs.org/babel-preset-expo cache-miss
175 silly packumentCache corgi:https://registry.npmjs.org/expo-asset cache-miss
176 silly packumentCache corgi:https://registry.npmjs.org/expo-file-system cache-miss
177 silly packumentCache corgi:https://registry.npmjs.org/expo-font cache-miss
178 silly packumentCache corgi:https://registry.npmjs.org/expo-keep-awake cache-miss
179 silly packumentCache corgi:https://registry.npmjs.org/expo-dev-client cache-miss
180 silly packumentCache corgi:https://registry.npmjs.org/expo-dev-launcher cache-miss
181 silly packumentCache corgi:https://registry.npmjs.org/expo-dev-menu cache-miss
182 silly packumentCache corgi:https://registry.npmjs.org/expo-dev-menu-interface cache-miss
183 silly packumentCache corgi:https://registry.npmjs.org/expo-manifests cache-miss
184 silly packumentCache corgi:https://registry.npmjs.org/expo-updates-interface cache-miss
185 http fetch GET 200 https://registry.npmjs.org/@expo%2fmetro-runtime 72ms (cache revalidated)
186 silly packumentCache corgi:https://registry.npmjs.org/@expo%2fmetro-runtime set size:183421 disposed:false
187 http fetch GET 200 https://registry.npmjs.org/expo-constants 74ms (cache revalidated)
188 silly packumentCache corgi:https://registry.npmjs.org/expo-constants set size:279995 disposed:false
189 http fetch GET 200 https://registry.npmjs.org/babel-preset-expo 70ms (cache revalidated)
190 silly packumentCache corgi:https://registry.npmjs.org/babel-preset-expo set size:501940 disposed:false
191 http fetch GET 200 https://registry.npmjs.org/expo-asset 74ms (cache revalidated)
192 silly packumentCache corgi:https://registry.npmjs.org/expo-asset set size:294213 disposed:false
193 http fetch GET 200 https://registry.npmjs.org/@expo%2fprebuild-config 77ms (cache revalidated)
194 silly packumentCache corgi:https://registry.npmjs.org/@expo%2fprebuild-config set size:367986 disposed:false
195 http fetch GET 200 https://registry.npmjs.org/expo-keep-awake 116ms (cache revalidated)
196 silly packumentCache corgi:https://registry.npmjs.org/expo-keep-awake set size:187483 disposed:false
197 http fetch GET 200 https://registry.npmjs.org/expo-file-system 224ms (cache revalidated)
198 silly packumentCache corgi:https://registry.npmjs.org/expo-file-system set size:283910 disposed:false
199 http fetch GET 200 https://registry.npmjs.org/expo-font 264ms (cache revalidated)
200 silly packumentCache corgi:https://registry.npmjs.org/expo-font set size:235099 disposed:false
201 http fetch GET 200 https://registry.npmjs.org/expo-location 288ms (cache revalidated)
202 silly packumentCache corgi:https://registry.npmjs.org/expo-location set size:230245 disposed:false
203 http fetch GET 200 https://registry.npmjs.org/expo-manifests 301ms (cache miss)
204 silly packumentCache corgi:https://registry.npmjs.org/expo-manifests set size:undefined disposed:false
205 http fetch GET 200 https://registry.npmjs.org/expo-localization 395ms (cache revalidated)
206 silly packumentCache corgi:https://registry.npmjs.org/expo-localization set size:197991 disposed:false
207 http fetch GET 200 https://registry.npmjs.org/expo-updates-interface 394ms (cache miss)
208 silly packumentCache corgi:https://registry.npmjs.org/expo-updates-interface set size:undefined disposed:false
209 http fetch GET 200 https://registry.npmjs.org/expo-dev-menu 424ms (cache miss)
210 silly packumentCache corgi:https://registry.npmjs.org/expo-dev-menu set size:undefined disposed:false
211 http fetch GET 200 https://registry.npmjs.org/expo-dev-client 465ms (cache miss)
212 silly packumentCache corgi:https://registry.npmjs.org/expo-dev-client set size:undefined disposed:false
213 http fetch GET 200 https://registry.npmjs.org/expo-dev-menu-interface 508ms (cache miss)
214 silly packumentCache corgi:https://registry.npmjs.org/expo-dev-menu-interface set size:undefined disposed:false
215 http fetch GET 200 https://registry.npmjs.org/expo-dev-launcher 514ms (cache miss)
216 silly packumentCache corgi:https://registry.npmjs.org/expo-dev-launcher set size:undefined disposed:false
217 silly ADD node_modules/expo-json-utils
218 silly ADD node_modules/json-schema-traverse
219 silly ADD node_modules/fast-uri
220 silly ADD node_modules/ajv
221 silly ADD node_modules/expo-updates-interface
222 silly ADD node_modules/expo-manifests
223 silly ADD node_modules/expo-dev-menu-interface
224 silly ADD node_modules/expo-dev-menu
225 silly ADD node_modules/expo-dev-launcher
226 silly ADD node_modules/expo-dev-client
227 verbose cwd /Users/surajsahoo/Desktop/locally/mobile
228 verbose os Darwin 25.2.0
229 verbose node v25.9.0
230 verbose npm  v11.12.1
231 verbose exit 0
232 info ok
